[1.229s] DEBUG:colcon:Command line arguments: ['/usr/bin/colcon', 'list', '-p', '--base-paths', '/home/zguo27/auvc_ws/src/AUVC_stuff/bluerov2_opencv', '--log-base', '/dev/null']
[1.230s] DEBUG:colcon:Parsed command line arguments: Namespace(log_base=None, log_level=None, verb_name='list', build_base='build', ignore_user_meta=False, metas=['./colcon.meta'], base_paths=['/home/zguo27/auvc_ws/src/AUVC_stuff/bluerov2_opencv', '--log-base', '/dev/null'], packages_ignore=None, packages_ignore_regex=None, paths=None, packages_up_to=None, packages_up_to_regex=None, packages_above=None, packages_above_and_dependencies=None, packages_above_depth=None, packages_select_by_dep=None, packages_skip_by_dep=None, packages_skip_up_to=None, packages_select_build_failed=False, packages_skip_build_finished=False, packages_select_test_failures=False, packages_skip_test_passed=False, packages_select=None, packages_skip=None, packages_select_regex=None, packages_skip_regex=None, packages_start=None, packages_end=None, allow_overriding=[], topological_order=False, names_only=False, paths_only=True, topological_graph=False, topological_graph_dot=False, topological_graph_density=False, topological_graph_legend=False, topological_graph_dot_cluster=False, topological_graph_dot_include_skipped=False, mixin_files=None, mixin=None, verb_parser=<colcon_mixin.mixin.mixin_argument.MixinArgumentDecorator object at 0xffff94b73620>, verb_extension=<colcon_package_information.verb.list.ListVerb object at 0xffff94d4f050>, main=<bound method ListVerb.main of <colcon_package_information.verb.list.ListVerb object at 0xffff94d4f050>>, mixin_verb=('list',))
[1.514s] Level 1:colcon.colcon_core.package_discovery:discover_packages(colcon_meta) check parameters
[1.515s] Level 1:colcon.colcon_core.package_discovery:discover_packages(recursive) check parameters
[1.515s] Level 1:colcon.colcon_core.package_discovery:discover_packages(ignore) check parameters
[1.515s] Level 1:colcon.colcon_core.package_discovery:discover_packages(path) check parameters
[1.515s] Level 1:colcon.colcon_core.package_discovery:discover_packages(recursive) discover
[1.516s] INFO:colcon.colcon_core.package_discovery:Crawling recursively for packages in '/home/zguo27/auvc_ws/src/AUVC_stuff/bluerov2_opencv', '/home/zguo27/auvc_ws/src/AUVC_stuff/bluerov2_opencv/--log-base', '/dev/null'
[1.517s] Level 1:colcon.colcon_core.package_identification:_identify(/home/zguo27/auvc_ws/src/AUVC_stuff/bluerov2_opencv) by extensions ['ignore', 'ignore_ament_install']
[1.518s] Level 1:colcon.colcon_core.package_identification:_identify(/home/zguo27/auvc_ws/src/AUVC_stuff/bluerov2_opencv) by extension 'ignore'
[1.519s] Level 1:colcon.colcon_core.package_identification:_identify(/home/zguo27/auvc_ws/src/AUVC_stuff/bluerov2_opencv) by extension 'ignore_ament_install'
[1.519s] Level 1:colcon.colcon_core.package_identification:_identify(/home/zguo27/auvc_ws/src/AUVC_stuff/bluerov2_opencv) by extensions ['colcon_pkg']
[1.520s] Level 1:colcon.colcon_core.package_identification:_identify(/home/zguo27/auvc_ws/src/AUVC_stuff/bluerov2_opencv) by extension 'colcon_pkg'
[1.520s] Level 1:colcon.colcon_core.package_identification:_identify(/home/zguo27/auvc_ws/src/AUVC_stuff/bluerov2_opencv) by extensions ['colcon_meta']
[1.521s] Level 1:colcon.colcon_core.package_identification:_identify(/home/zguo27/auvc_ws/src/AUVC_stuff/bluerov2_opencv) by extension 'colcon_meta'
[1.521s] Level 1:colcon.colcon_core.package_identification:_identify(/home/zguo27/auvc_ws/src/AUVC_stuff/bluerov2_opencv) by extensions ['ros']
[1.521s] Level 1:colcon.colcon_core.package_identification:_identify(/home/zguo27/auvc_ws/src/AUVC_stuff/bluerov2_opencv) by extension 'ros'
[1.694s] Level 1:colcon.colcon_core.package_identification:_identify(/home/zguo27/auvc_ws/src/AUVC_stuff/bluerov2_opencv) by extensions ['cmake', 'python']
[1.694s] Level 1:colcon.colcon_core.package_identification:_identify(/home/zguo27/auvc_ws/src/AUVC_stuff/bluerov2_opencv) by extension 'cmake'
[1.695s] Level 1:colcon.colcon_core.package_identification:_identify(/home/zguo27/auvc_ws/src/AUVC_stuff/bluerov2_opencv) by extension 'python'
[1.695s] Level 1:colcon.colcon_core.package_identification:_identify(/home/zguo27/auvc_ws/src/AUVC_stuff/bluerov2_opencv) by extensions ['python_setup_py']
[1.696s] Level 1:colcon.colcon_core.package_identification:_identify(/home/zguo27/auvc_ws/src/AUVC_stuff/bluerov2_opencv) by extension 'python_setup_py'
[1.697s] Level 1:colcon.colcon_core.package_identification:_identify(/home/zguo27/auvc_ws/src/AUVC_stuff/bluerov2_opencv/log) by extensions ['ignore', 'ignore_ament_install']
[1.698s] Level 1:colcon.colcon_core.package_identification:_identify(/home/zguo27/auvc_ws/src/AUVC_stuff/bluerov2_opencv/log) by extension 'ignore'
[1.699s] Level 1:colcon.colcon_core.package_identification:_identify(/home/zguo27/auvc_ws/src/AUVC_stuff/bluerov2_opencv/log) ignored
[1.700s] Level 1:colcon.colcon_core.package_discovery:discover_packages(recursive) using defaults
